# JRE version: Java(TM) SE Runtime Environment (17.0.2+8) (build 17.0.2+8-LTS-86)
# Java VM: Java HotSpot(TM) 64-Bit Server VM (17.0.2+8-LTS-86, mixed mode, sharing, tiered, compressed oops, compressed class ptrs, g1 gc, windows-amd64)
GC Precious Log:
 CPUs: 2 total, 2 available
 Memory: 4083M
 Large Page Support: Disabled
 NUMA Support: Disabled
 Compressed Oops: Enabled (32-bit)
 Heap Region Size: 1M
 Heap Min Capacity: 8M
 Heap Initial Capacity: 64M
 Heap Max Capacity: 2G
 Pre-touch: Disabled
 Parallel Workers: 2
 Concurrent Workers: 1
 Concurrent Refinement Workers: 2
 Periodic GC: Disabled
Heap:
 garbage-first heap   total 65536K, used 22453K [0x0000000080000000, 0x0000000100000000)
  region size 1024K, 5 young (5120K), 3 survivors (3072K)
 Metaspace       used 21534K, committed 21824K, reserved 1073152K
  class space    used 3179K, committed 3328K, reserved 1048576K
GC Heap History (18 events):
Event: 7.263 GC heap before
{Heap before GC invocations=0 (full 0):
 garbage-first heap   total 65536K, used 6144K [0x0000000080000000, 0x0000000100000000)
  region size 1024K, 6 young (6144K), 0 survivors (0K)
 Metaspace       used 626K, committed 768K, reserved 1056768K
  class space    used 54K, committed 128K, reserved 1048576K
}
Event: 7.287 GC heap after
{Heap after GC invocations=1 (full 0):
 garbage-first heap   total 65536K, used 1333K [0x0000000080000000, 0x0000000100000000)
  region size 1024K, 1 young (1024K), 1 survivors (1024K)
 Metaspace       used 626K, committed 768K, reserved 1056768K
  class space    used 54K, committed 128K, reserved 1048576K
}
Event: 9.783 GC heap before
{Heap before GC invocations=1 (full 0):
 garbage-first heap   total 65536K, used 8501K [0x0000000080000000, 0x0000000100000000)
  region size 1024K, 6 young (6144K), 1 survivors (1024K)
 Metaspace       used 936K, committed 1088K, reserved 1056768K
  class space    used 74K, committed 128K, reserved 1048576K
}
Event: 9.800 GC heap after
{Heap after GC invocations=2 (full 0):
 garbage-first heap   total 65536K, used 3328K [0x0000000080000000, 0x0000000100000000)
  region size 1024K, 1 young (1024K), 1 survivors (1024K)
 Metaspace       used 936K, committed 1088K, reserved 1056768K
  class space    used 74K, committed 128K, reserved 1048576K
}
Event: 21.744 GC heap before
{Heap before GC invocations=2 (full 0):
 garbage-first heap   total 65536K, used 14592K [0x0000000080000000, 0x0000000100000000)
  region size 1024K, 10 young (10240K), 1 survivors (1024K)
 Metaspace       used 2904K, committed 3072K, reserved 1056768K
  class space    used 371K, committed 448K, reserved 1048576K
}
Event: 21.761 GC heap after
{Heap after GC invocations=3 (full 0):
 garbage-first heap   total 65536K, used 9050K [0x0000000080000000, 0x0000000100000000)
  region size 1024K, 2 young (2048K), 2 survivors (2048K)
 Metaspace       used 2904K, committed 3072K, reserved 1056768K
  class space    used 371K, committed 448K, reserved 1048576K
}
Event: 24.987 GC heap before
{Heap before GC invocations=3 (full 0):
 garbage-first heap   total 65536K, used 19290K [0x0000000080000000, 0x0000000100000000)
  region size 1024K, 13 young (13312K), 2 survivors (2048K)
 Metaspace       used 3819K, committed 4032K, reserved 1056768K
  class space    used 473K, committed 576K, reserved 1048576K
}
Event: 25.006 GC heap after
{Heap after GC invocations=4 (full 0):
 garbage-first heap   total 65536K, used 9575K [0x0000000080000000, 0x0000000100000000)
  region size 1024K, 1 young (1024K), 1 survivors (1024K)
 Metaspace       used 3819K, committed 4032K, reserved 1056768K
  class space    used 473K, committed 576K, reserved 1048576K
}
Event: 63.434 GC heap before
{Heap before GC invocations=4 (full 0):
 garbage-first heap   total 65536K, used 42343K [0x0000000080000000, 0x0000000100000000)
  region size 1024K, 33 young (33792K), 1 survivors (1024K)
 Metaspace       used 6266K, committed 6464K, reserved 1056768K
  class space    used 873K, committed 960K, reserved 1048576K
}
Event: 63.454 GC heap after
{Heap after GC invocations=5 (full 0):
 garbage-first heap   total 65536K, used 15151K [0x0000000080000000, 0x0000000100000000)
  region size 1024K, 5 young (5120K), 5 survivors (5120K)
 Metaspace       used 6266K, committed 6464K, reserved 1056768K
  class space    used 873K, committed 960K, reserved 1048576K
}
Event: 78.071 GC heap before
{Heap before GC invocations=5 (full 0):
 garbage-first heap   total 65536K, used 34607K [0x0000000080000000, 0x0000000100000000)
  region size 1024K, 25 young (25600K), 5 survivors (5120K)
 Metaspace       used 11437K, committed 11648K, reserved 1064960K
  class space    used 1624K, committed 1728K, reserved 1048576K
}
Event: 78.089 GC heap after
{Heap after GC invocations=6 (full 0):
 garbage-first heap   total 65536K, used 17643K [0x0000000080000000, 0x0000000100000000)
  region size 1024K, 2 young (2048K), 2 survivors (2048K)
 Metaspace       used 11437K, committed 11648K, reserved 1064960K
  class space    used 1624K, committed 1728K, reserved 1048576K
}
Event: 83.116 GC heap before
{Heap before GC invocations=6 (full 0):
 garbage-first heap   total 65536K, used 38123K [0x0000000080000000, 0x0000000100000000)
  region size 1024K, 23 young (23552K), 2 survivors (2048K)
 Metaspace       used 15089K, committed 15360K, reserved 1064960K
  class space    used 2177K, committed 2304K, reserved 1048576K
}
Event: 83.127 GC heap after
{Heap after GC invocations=7 (full 0):
 garbage-first heap   total 65536K, used 19227K [0x0000000080000000, 0x0000000100000000)
  region size 1024K, 2 young (2048K), 2 survivors (2048K)
 Metaspace       used 15089K, committed 15360K, reserved 1064960K
  class space    used 2177K, committed 2304K, reserved 1048576K
}
Event: 89.195 GC heap before
{Heap before GC invocations=7 (full 0):
 garbage-first heap   total 65536K, used 41755K [0x0000000080000000, 0x0000000100000000)
  region size 1024K, 25 young (25600K), 2 survivors (2048K)
 Metaspace       used 18972K, committed 19328K, reserved 1073152K
  class space    used 2775K, committed 2944K, reserved 1048576K
}
Event: 89.215 GC heap after
{Heap after GC invocations=8 (full 0):
 garbage-first heap   total 65536K, used 20526K [0x0000000080000000, 0x0000000100000000)
  region size 1024K, 3 young (3072K), 3 survivors (3072K)
 Metaspace       used 18972K, committed 19328K, reserved 1073152K
  class space    used 2775K, committed 2944K, reserved 1048576K
}
Event: 90.921 GC heap before
{Heap before GC invocations=8 (full 0):
 garbage-first heap   total 65536K, used 36910K [0x0000000080000000, 0x0000000100000000)
  region size 1024K, 20 young (20480K), 3 survivors (3072K)
 Metaspace       used 21261K, committed 21504K, reserved 1073152K
  class space    used 3152K, committed 3264K, reserved 1048576K
}
Event: 90.941 GC heap after
{Heap after GC invocations=9 (full 0):
 garbage-first heap   total 65536K, used 21429K [0x0000000080000000, 0x0000000100000000)
  region size 1024K, 3 young (3072K), 3 survivors (3072K)
 Metaspace       used 21261K, committed 21504K, reserved 1073152K
  class space    used 3152K, committed 3264K, reserved 1048576K
}

